{
  "RSpec": {
    "coverage": {
      "/home/vvo/tic-tac-toe-rb-online-web-sp-000/lib/tic_tac_toe.rb": [
        null,
        null,
        1,
        null,
        null,
        null,
        null,
        null,
        null,
        null,
        null,
        null,
        null,
        1,
        4,
        4,
        4,
        4,
        4,
        null,
        null,
        null,
        1,
        6,
        null,
        null,
        null,
        1,
        5,
        null,
        null,
        null,
        1,
        8,
        null,
        null,
        null,
        1,
        6,
        null,
        null,
        null,
        1,
        3,
        3,
        3,
        3,
        2,
        2,
        2,
        null,
        1,
        null,
        null,
        null,
        null,
        1,
        4,
        4,
        36,
        5,
        null,
        null,
        4,
        null,
        null,
        null,
        1,
        3,
        3,
        3,
        null,
        0,
        null,
        3,
        null,
        null,
        null,
        1,
        0,
        0,
        0,
        0,
        null,
        0,
        0,
        0,
        null,
        0,
        0,
        0,
        0,
        null,
        null,
        0,
        null,
        null,
        null,
        null
      ]
    },
    "timestamp": 1571540081
  }
}
